d:\documents\visual studio 2015\projects\cppminesweeper\cppminesweeper\debug\vc140.pdb
d:\documents\visual studio 2015\projects\cppminesweeper\cppminesweeper\debug\vc140.idb
d:\documents\visual studio 2015\projects\cppminesweeper\cppminesweeper\debug\game.obj
d:\documents\visual studio 2015\projects\cppminesweeper\cppminesweeper\debug\main.obj
d:\documents\visual studio 2015\projects\cppminesweeper\cppminesweeper\debug\painter.obj
d:\documents\visual studio 2015\projects\cppminesweeper\debug\cppminesweeper.ilk
d:\documents\visual studio 2015\projects\cppminesweeper\debug\cppminesweeper.exe
d:\documents\visual studio 2015\projects\cppminesweeper\debug\cppminesweeper.pdb
e:\documents\drive\games\cppminesweeper\cppminesweeper\debug\game.obj
e:\documents\drive\games\cppminesweeper\cppminesweeper\debug\main.obj
e:\documents\drive\games\cppminesweeper\cppminesweeper\debug\painter.obj
e:\documents\drive\games\cppminesweeper\cppminesweeper\debug\vc140.idb
e:\documents\drive\games\cppminesweeper\cppminesweeper\debug\vc140.pdb
e:\documents\drive\games\cppminesweeper\debug\cppminesweeper.pdb
e:\documents\drive\games\cppminesweeper\debug\cppminesweeper.exe
e:\documents\drive\games\cppminesweeper\debug\cppminesweeper.ilk
e:\documents\drive\games\cppminesweeper\cppminesweeper\debug\cppminesweeper.tlog\cl.command.1.tlog
e:\documents\drive\games\cppminesweeper\cppminesweeper\debug\cppminesweeper.tlog\cl.read.1.tlog
e:\documents\drive\games\cppminesweeper\cppminesweeper\debug\cppminesweeper.tlog\cl.write.1.tlog
e:\documents\drive\games\cppminesweeper\cppminesweeper\debug\cppminesweeper.tlog\link.command.1.tlog
e:\documents\drive\games\cppminesweeper\cppminesweeper\debug\cppminesweeper.tlog\link.read.1.tlog
e:\documents\drive\games\cppminesweeper\cppminesweeper\debug\cppminesweeper.tlog\link.write.1.tlog
