d:\documents\visual studio 2015\projects\cppasteroids\cppasteroids\debug\vc140.pdb
d:\documents\visual studio 2015\projects\cppasteroids\cppasteroids\debug\vc140.idb
d:\documents\visual studio 2015\projects\cppasteroids\cppasteroids\debug\asteroid.obj
d:\documents\visual studio 2015\projects\cppasteroids\cppasteroids\debug\bullet.obj
d:\documents\visual studio 2015\projects\cppasteroids\cppasteroids\debug\game.obj
d:\documents\visual studio 2015\projects\cppasteroids\cppasteroids\debug\main.obj
d:\documents\visual studio 2015\projects\cppasteroids\cppasteroids\debug\ship.obj
d:\documents\visual studio 2015\projects\cppasteroids\cppasteroids\debug\star.obj
d:\documents\visual studio 2015\projects\cppasteroids\cppasteroids\debug\painter.obj
d:\documents\visual studio 2015\projects\cppasteroids\debug\cppasteroids.ilk
d:\documents\visual studio 2015\projects\cppasteroids\debug\cppasteroids.exe
d:\documents\visual studio 2015\projects\cppasteroids\debug\cppasteroids.pdb
e:\documents\drive\games\cppasteroids\cppasteroids\debug\asteroid.obj
e:\documents\drive\games\cppasteroids\cppasteroids\debug\bullet.obj
e:\documents\drive\games\cppasteroids\cppasteroids\debug\game.obj
e:\documents\drive\games\cppasteroids\cppasteroids\debug\main.obj
e:\documents\drive\games\cppasteroids\cppasteroids\debug\painter.obj
e:\documents\drive\games\cppasteroids\cppasteroids\debug\ship.obj
e:\documents\drive\games\cppasteroids\cppasteroids\debug\star.obj
e:\documents\drive\games\cppasteroids\cppasteroids\debug\vc140.idb
e:\documents\drive\games\cppasteroids\cppasteroids\debug\vc140.pdb
e:\documents\drive\games\cppasteroids\debug\cppasteroids.pdb
e:\documents\drive\games\cppasteroids\debug\cppasteroids.exe
e:\documents\drive\games\cppasteroids\debug\cppasteroids.ilk
e:\documents\drive\games\cppasteroids\cppasteroids\debug\cppasteroids.tlog\cl.command.1.tlog
e:\documents\drive\games\cppasteroids\cppasteroids\debug\cppasteroids.tlog\cl.read.1.tlog
e:\documents\drive\games\cppasteroids\cppasteroids\debug\cppasteroids.tlog\cl.write.1.tlog
e:\documents\drive\games\cppasteroids\cppasteroids\debug\cppasteroids.tlog\link.command.1.tlog
e:\documents\drive\games\cppasteroids\cppasteroids\debug\cppasteroids.tlog\link.read.1.tlog
e:\documents\drive\games\cppasteroids\cppasteroids\debug\cppasteroids.tlog\link.write.1.tlog
