d:\documents\visual studio 2015\projects\cpptetris\cpptetris\debug\vc140.pdb
d:\documents\visual studio 2015\projects\cpptetris\cpptetris\debug\vc140.idb
d:\documents\visual studio 2015\projects\cpptetris\cpptetris\debug\game.obj
d:\documents\visual studio 2015\projects\cpptetris\cpptetris\debug\painter.obj
d:\documents\visual studio 2015\projects\cpptetris\cpptetris\debug\tetris.obj
d:\documents\visual studio 2015\projects\cpptetris\cpptetris\debug\tetromino.obj
d:\documents\visual studio 2015\projects\cpptetris\cpptetris\debug\well.obj
d:\documents\visual studio 2015\projects\cpptetris\debug\cpptetris.ilk
d:\documents\visual studio 2015\projects\cpptetris\debug\cpptetris.exe
d:\documents\visual studio 2015\projects\cpptetris\debug\cpptetris.pdb
e:\documents\drive\games\cpptetris\cpptetris\debug\game.obj
e:\documents\drive\games\cpptetris\cpptetris\debug\painter.obj
e:\documents\drive\games\cpptetris\cpptetris\debug\tetris.obj
e:\documents\drive\games\cpptetris\cpptetris\debug\tetromino.obj
e:\documents\drive\games\cpptetris\cpptetris\debug\well.obj
e:\documents\drive\games\cpptetris\cpptetris\debug\vc140.idb
e:\documents\drive\games\cpptetris\cpptetris\debug\vc140.pdb
e:\documents\drive\games\cpptetris\debug\cpptetris.pdb
e:\documents\drive\games\cpptetris\debug\cpptetris.exe
e:\documents\drive\games\cpptetris\debug\cpptetris.ilk
e:\documents\drive\games\cpptetris\cpptetris\debug\cpptetris.tlog\cl.command.1.tlog
e:\documents\drive\games\cpptetris\cpptetris\debug\cpptetris.tlog\cl.read.1.tlog
e:\documents\drive\games\cpptetris\cpptetris\debug\cpptetris.tlog\cl.write.1.tlog
e:\documents\drive\games\cpptetris\cpptetris\debug\cpptetris.tlog\link.command.1.tlog
e:\documents\drive\games\cpptetris\cpptetris\debug\cpptetris.tlog\link.read.1.tlog
e:\documents\drive\games\cpptetris\cpptetris\debug\cpptetris.tlog\link.write.1.tlog
