d:\documents\visual studio 2015\projects\cppbreakout\cppbreakout\debug\vc140.pdb
d:\documents\visual studio 2015\projects\cppbreakout\cppbreakout\debug\vc140.idb
d:\documents\visual studio 2015\projects\cppbreakout\cppbreakout\debug\force.obj
d:\documents\visual studio 2015\projects\cppbreakout\cppbreakout\debug\breakout.obj
d:\documents\visual studio 2015\projects\cppbreakout\cppbreakout\debug\painter.obj
d:\documents\visual studio 2015\projects\cppbreakout\cppbreakout\debug\ball.obj
d:\documents\visual studio 2015\projects\cppbreakout\cppbreakout\debug\brick.obj
d:\documents\visual studio 2015\projects\cppbreakout\cppbreakout\debug\game.obj
d:\documents\visual studio 2015\projects\cppbreakout\cppbreakout\debug\pedal.obj
d:\documents\visual studio 2015\projects\cppbreakout\cppbreakout\debug\wall.obj
d:\documents\visual studio 2015\projects\cppbreakout\debug\cppbreakout.ilk
d:\documents\visual studio 2015\projects\cppbreakout\debug\cppbreakout.exe
d:\documents\visual studio 2015\projects\cppbreakout\debug\cppbreakout.pdb
e:\documents\drive\games\cppbreakout\cppbreakout\debug\ball.obj
e:\documents\drive\games\cppbreakout\cppbreakout\debug\breakout.obj
e:\documents\drive\games\cppbreakout\cppbreakout\debug\brick.obj
e:\documents\drive\games\cppbreakout\cppbreakout\debug\force.obj
e:\documents\drive\games\cppbreakout\cppbreakout\debug\game.obj
e:\documents\drive\games\cppbreakout\cppbreakout\debug\painter.obj
e:\documents\drive\games\cppbreakout\cppbreakout\debug\pedal.obj
e:\documents\drive\games\cppbreakout\cppbreakout\debug\wall.obj
e:\documents\drive\games\cppbreakout\cppbreakout\debug\vc140.idb
e:\documents\drive\games\cppbreakout\cppbreakout\debug\vc140.pdb
e:\documents\drive\games\cppbreakout\debug\cppbreakout.pdb
e:\documents\drive\games\cppbreakout\debug\cppbreakout.exe
e:\documents\drive\games\cppbreakout\debug\cppbreakout.ilk
e:\documents\drive\games\cppbreakout\cppbreakout\debug\cppbreakout.tlog\cl.command.1.tlog
e:\documents\drive\games\cppbreakout\cppbreakout\debug\cppbreakout.tlog\cl.read.1.tlog
e:\documents\drive\games\cppbreakout\cppbreakout\debug\cppbreakout.tlog\cl.write.1.tlog
e:\documents\drive\games\cppbreakout\cppbreakout\debug\cppbreakout.tlog\link.command.1.tlog
e:\documents\drive\games\cppbreakout\cppbreakout\debug\cppbreakout.tlog\link.read.1.tlog
e:\documents\drive\games\cppbreakout\cppbreakout\debug\cppbreakout.tlog\link.write.1.tlog
